<?xml version="1.0" encoding="UTF-8"?>
<testng-results skipped="0" failed="0" ignored="0" total="4" passed="4">
  <reporter-output>
  </reporter-output>
  <suite name="Command line suite" duration-ms="152384" started-at="2020-08-18T04:51:34Z" finished-at="2020-08-18T04:54:07Z">
    <groups>
      <group name="cucumber">
        <method signature="AbstractTestNGCucumberTests.runScenario(cucumber.api.testng.PickleEventWrapper, cucumber.api.testng.CucumberFeatureWrapper)[pri:0, instance:runner.TestRunner@56f4468b]" name="runScenario" class="cucumber.api.testng.AbstractTestNGCucumberTests"/>
      </group> <!-- cucumber -->
    </groups>
    <test name="Command line test" duration-ms="152384" started-at="2020-08-18T04:51:34Z" finished-at="2020-08-18T04:54:07Z">
      <class name="runner.TestRunner">
        <test-method status="PASS" signature="setUpClass()[pri:0, instance:runner.TestRunner@56f4468b]" name="setUpClass" is-config="true" duration-ms="456" started-at="2020-08-18T04:51:34Z" finished-at="2020-08-18T04:51:35Z">
          <reporter-output>
          </reporter-output>
        </test-method> <!-- setUpClass -->
        <test-method status="PASS" signature="runScenario(cucumber.api.testng.PickleEventWrapper, cucumber.api.testng.CucumberFeatureWrapper)[pri:0, instance:runner.TestRunner@56f4468b]" name="runScenario" duration-ms="59403" started-at="2020-08-18T04:51:35Z" description="Runs Cucumber Scenarios" data-provider="scenarios" finished-at="2020-08-18T04:52:34Z">
          <params>
            <param index="0">
              <value>
                <![CDATA["TC_01_Verify user is on home page"]]>
              </value>
            </param>
            <param index="1">
              <value>
                <![CDATA["Common actions"]]>
              </value>
            </param>
          </params>
          <reporter-output>
          </reporter-output>
        </test-method> <!-- runScenario -->
        <test-method status="PASS" signature="runScenario(cucumber.api.testng.PickleEventWrapper, cucumber.api.testng.CucumberFeatureWrapper)[pri:0, instance:runner.TestRunner@56f4468b]" name="runScenario" duration-ms="32634" started-at="2020-08-18T04:52:34Z" description="Runs Cucumber Scenarios" data-provider="scenarios" finished-at="2020-08-18T04:53:07Z">
          <params>
            <param index="0">
              <value>
                <![CDATA["TC_02_Verify login icon on home page"]]>
              </value>
            </param>
            <param index="1">
              <value>
                <![CDATA["Common actions"]]>
              </value>
            </param>
          </params>
          <reporter-output>
          </reporter-output>
        </test-method> <!-- runScenario -->
        <test-method status="PASS" signature="runScenario(cucumber.api.testng.PickleEventWrapper, cucumber.api.testng.CucumberFeatureWrapper)[pri:0, instance:runner.TestRunner@56f4468b]" name="runScenario" duration-ms="24071" started-at="2020-08-18T04:53:07Z" description="Runs Cucumber Scenarios" data-provider="scenarios" finished-at="2020-08-18T04:53:31Z">
          <params>
            <param index="0">
              <value>
                <![CDATA["TC_01_Verify user is on home page"]]>
              </value>
            </param>
            <param index="1">
              <value>
                <![CDATA["Home page"]]>
              </value>
            </param>
          </params>
          <reporter-output>
          </reporter-output>
        </test-method> <!-- runScenario -->
        <test-method status="PASS" signature="runScenario(cucumber.api.testng.PickleEventWrapper, cucumber.api.testng.CucumberFeatureWrapper)[pri:0, instance:runner.TestRunner@56f4468b]" name="runScenario" duration-ms="35460" started-at="2020-08-18T04:53:31Z" description="Runs Cucumber Scenarios" data-provider="scenarios" finished-at="2020-08-18T04:54:06Z">
          <params>
            <param index="0">
              <value>
                <![CDATA["TC_02_Verify login icon on home page"]]>
              </value>
            </param>
            <param index="1">
              <value>
                <![CDATA["Home page"]]>
              </value>
            </param>
          </params>
          <reporter-output>
          </reporter-output>
        </test-method> <!-- runScenario -->
        <test-method status="PASS" signature="tearDownClass()[pri:0, instance:runner.TestRunner@56f4468b]" name="tearDownClass" is-config="true" duration-ms="161" started-at="2020-08-18T04:54:06Z" finished-at="2020-08-18T04:54:07Z">
          <reporter-output>
          </reporter-output>
        </test-method> <!-- tearDownClass -->
      </class> <!-- runner.TestRunner -->
    </test> <!-- Command line test -->
  </suite> <!-- Command line suite -->
</testng-results>
