<?xml version="1.0" encoding="UTF-8"?>
<testng-results skipped="0" failed="0" ignored="0" total="4" passed="4">
  <reporter-output>
  </reporter-output>
  <suite name="Command line suite" duration-ms="62362" started-at="2020-08-18T11:15:35Z" finished-at="2020-08-18T11:16:38Z">
    <groups>
      <group name="cucumber">
        <method signature="AbstractTestNGCucumberTests.runScenario(cucumber.api.testng.PickleEventWrapper, cucumber.api.testng.CucumberFeatureWrapper)[pri:0, instance:runner.TestRunner@56f4468b]" name="runScenario" class="cucumber.api.testng.AbstractTestNGCucumberTests"/>
      </group> <!-- cucumber -->
    </groups>
    <test name="Command line test" duration-ms="62362" started-at="2020-08-18T11:15:35Z" finished-at="2020-08-18T11:16:38Z">
      <class name="runner.TestRunner">
        <test-method status="PASS" signature="setUpClass()[pri:0, instance:runner.TestRunner@56f4468b]" name="setUpClass" is-config="true" duration-ms="456" started-at="2020-08-18T11:15:35Z" finished-at="2020-08-18T11:15:36Z">
          <reporter-output>
          </reporter-output>
        </test-method> <!-- setUpClass -->
        <test-method status="PASS" signature="runScenario(cucumber.api.testng.PickleEventWrapper, cucumber.api.testng.CucumberFeatureWrapper)[pri:0, instance:runner.TestRunner@56f4468b]" name="runScenario" duration-ms="17902" started-at="2020-08-18T11:15:36Z" description="Runs Cucumber Scenarios" data-provider="scenarios" finished-at="2020-08-18T11:15:54Z">
          <params>
            <param index="0">
              <value>
                <![CDATA["TC_01_Verify user is on home page"]]>
              </value>
            </param>
            <param index="1">
              <value>
                <![CDATA["Common actions"]]>
              </value>
            </param>
          </params>
          <reporter-output>
          </reporter-output>
        </test-method> <!-- runScenario -->
        <test-method status="PASS" signature="runScenario(cucumber.api.testng.PickleEventWrapper, cucumber.api.testng.CucumberFeatureWrapper)[pri:0, instance:runner.TestRunner@56f4468b]" name="runScenario" duration-ms="14630" started-at="2020-08-18T11:15:54Z" description="Runs Cucumber Scenarios" data-provider="scenarios" finished-at="2020-08-18T11:16:09Z">
          <params>
            <param index="0">
              <value>
                <![CDATA["TC_02_Verify login icon on home page"]]>
              </value>
            </param>
            <param index="1">
              <value>
                <![CDATA["Common actions"]]>
              </value>
            </param>
          </params>
          <reporter-output>
          </reporter-output>
        </test-method> <!-- runScenario -->
        <test-method status="PASS" signature="runScenario(cucumber.api.testng.PickleEventWrapper, cucumber.api.testng.CucumberFeatureWrapper)[pri:0, instance:runner.TestRunner@56f4468b]" name="runScenario" duration-ms="14195" started-at="2020-08-18T11:16:09Z" description="Runs Cucumber Scenarios" data-provider="scenarios" finished-at="2020-08-18T11:16:23Z">
          <params>
            <param index="0">
              <value>
                <![CDATA["TC_01_Verify user is on home page"]]>
              </value>
            </param>
            <param index="1">
              <value>
                <![CDATA["Home page"]]>
              </value>
            </param>
          </params>
          <reporter-output>
          </reporter-output>
        </test-method> <!-- runScenario -->
        <test-method status="PASS" signature="runScenario(cucumber.api.testng.PickleEventWrapper, cucumber.api.testng.CucumberFeatureWrapper)[pri:0, instance:runner.TestRunner@56f4468b]" name="runScenario" duration-ms="14883" started-at="2020-08-18T11:16:23Z" description="Runs Cucumber Scenarios" data-provider="scenarios" finished-at="2020-08-18T11:16:38Z">
          <params>
            <param index="0">
              <value>
                <![CDATA["TC_02_Verify login icon on home page"]]>
              </value>
            </param>
            <param index="1">
              <value>
                <![CDATA["Home page"]]>
              </value>
            </param>
          </params>
          <reporter-output>
          </reporter-output>
        </test-method> <!-- runScenario -->
        <test-method status="PASS" signature="tearDownClass()[pri:0, instance:runner.TestRunner@56f4468b]" name="tearDownClass" is-config="true" duration-ms="96" started-at="2020-08-18T11:16:38Z" finished-at="2020-08-18T11:16:38Z">
          <reporter-output>
          </reporter-output>
        </test-method> <!-- tearDownClass -->
      </class> <!-- runner.TestRunner -->
    </test> <!-- Command line test -->
  </suite> <!-- Command line suite -->
</testng-results>
